<?xml version="1.0" encoding="UTF-8"?>
<!-- Generated by org.testng.reporters.JUnitXMLReporter -->
<testsuite ignored="2" hostname="MSI" failures="0" tests="4" name="Test" time="0.089" errors="0" timestamp="2023-11-19T20:17:04 IST">
  <testcase classname="testng.CardTest" name="TC01_CreditCardTest" time="0.004"/>
  <testcase classname="testng.LoanTest" name="TC00_PersonalLoanTest" time="0.002"/>
  <testcase classname="testng.LoanTest" name="TC01_HomeLoanTest" time="0.001"/>
  <testcase classname="testng.LoanTest" name="TC02_CarLoanTest" time="0.001"/>
  <testcase classname="testng.BaseClass" name="@AfterTest Method4" time="0.0">
    <ignored/>
  </testcase> <!-- @AfterTest Method4 -->
  <testcase classname="testng.BaseClass" name="@BeforeTest Method3" time="0.0">
    <ignored/>
  </testcase> <!-- @BeforeTest Method3 -->
</testsuite> <!-- Test -->
