<?xml version="1.0" encoding="UTF-8"?>
<testng-results ignored="2" total="6" passed="4" failed="0" skipped="0">
  <reporter-output>
  </reporter-output>
  <suite started-at="2023-11-19T20:17:03 IST" name="Suite" finished-at="2023-11-19T20:17:04 IST" duration-ms="89">
    <groups>
      <group name="Sanity">
        <method signature="CardTest.TC01_CreditCardTest()[pri:0, instance:testng.CardTest@7d4f9aae]" name="TC01_CreditCardTest" class="testng.CardTest"/>
        <method signature="LoanTest.TC00_PersonalLoanTest()[pri:0, instance:testng.LoanTest@73e9cf30]" name="TC00_PersonalLoanTest" class="testng.LoanTest"/>
      </group> <!-- Sanity -->
    </groups>
    <test started-at="2023-11-19T20:17:03 IST" name="Test" finished-at="2023-11-19T20:17:04 IST" duration-ms="89">
      <class name="testng.CardTest">
        <test-method is-config="true" signature="Method3()[pri:0, instance:testng.CardTest@7d4f9aae]" started-at="2023-11-19T20:17:03 IST" name="Method3" finished-at="2023-11-19T20:17:03 IST" duration-ms="13" status="PASS">
          <reporter-output>
          </reporter-output>
        </test-method> <!-- Method3 -->
        <test-method is-config="true" signature="Method1()[pri:0, instance:testng.CardTest@7d4f9aae]" started-at="2023-11-19T20:17:04 IST" name="Method1" finished-at="2023-11-19T20:17:04 IST" duration-ms="0" status="PASS">
          <reporter-output>
          </reporter-output>
        </test-method> <!-- Method1 -->
        <test-method signature="TC01_CreditCardTest()[pri:0, instance:testng.CardTest@7d4f9aae]" started-at="2023-11-19T20:17:04 IST" name="TC01_CreditCardTest" finished-at="2023-11-19T20:17:04 IST" duration-ms="4" status="PASS">
          <reporter-output>
          </reporter-output>
        </test-method> <!-- TC01_CreditCardTest -->
        <test-method is-config="true" signature="Method2()[pri:0, instance:testng.CardTest@7d4f9aae]" started-at="2023-11-19T20:17:04 IST" name="Method2" finished-at="2023-11-19T20:17:04 IST" duration-ms="0" status="PASS">
          <reporter-output>
          </reporter-output>
        </test-method> <!-- Method2 -->
        <test-method is-config="true" signature="Method4()[pri:0, instance:testng.CardTest@7d4f9aae]" started-at="2023-11-19T20:17:04 IST" name="Method4" finished-at="2023-11-19T20:17:04 IST" duration-ms="1" status="PASS">
          <reporter-output>
          </reporter-output>
        </test-method> <!-- Method4 -->
      </class> <!-- testng.CardTest -->
      <class name="testng.LoanTest">
        <test-method signature="TC00_PersonalLoanTest()[pri:0, instance:testng.LoanTest@73e9cf30]" started-at="2023-11-19T20:17:04 IST" name="TC00_PersonalLoanTest" finished-at="2023-11-19T20:17:04 IST" duration-ms="2" status="PASS">
          <reporter-output>
          </reporter-output>
        </test-method> <!-- TC00_PersonalLoanTest -->
        <test-method is-config="true" signature="Method1()[pri:0, instance:testng.LoanTest@73e9cf30]" started-at="2023-11-19T20:17:04 IST" name="Method1" finished-at="2023-11-19T20:17:04 IST" duration-ms="0" status="PASS">
          <reporter-output>
          </reporter-output>
        </test-method> <!-- Method1 -->
        <test-method is-config="true" signature="Method2()[pri:0, instance:testng.LoanTest@73e9cf30]" started-at="2023-11-19T20:17:04 IST" name="Method2" finished-at="2023-11-19T20:17:04 IST" duration-ms="0" status="PASS">
          <reporter-output>
          </reporter-output>
        </test-method> <!-- Method2 -->
        <test-method signature="TC01_HomeLoanTest()[pri:0, instance:testng.LoanTest@73e9cf30]" started-at="2023-11-19T20:17:04 IST" name="TC01_HomeLoanTest" finished-at="2023-11-19T20:17:04 IST" duration-ms="1" status="PASS">
          <reporter-output>
          </reporter-output>
        </test-method> <!-- TC01_HomeLoanTest -->
        <test-method is-config="true" signature="Method1()[pri:0, instance:testng.LoanTest@73e9cf30]" started-at="2023-11-19T20:17:04 IST" name="Method1" finished-at="2023-11-19T20:17:04 IST" duration-ms="0" status="PASS">
          <reporter-output>
          </reporter-output>
        </test-method> <!-- Method1 -->
        <test-method is-config="true" signature="Method2()[pri:0, instance:testng.LoanTest@73e9cf30]" started-at="2023-11-19T20:17:04 IST" name="Method2" finished-at="2023-11-19T20:17:04 IST" duration-ms="0" status="PASS">
          <reporter-output>
          </reporter-output>
        </test-method> <!-- Method2 -->
        <test-method signature="TC02_CarLoanTest()[pri:0, instance:testng.LoanTest@73e9cf30]" started-at="2023-11-19T20:17:04 IST" name="TC02_CarLoanTest" finished-at="2023-11-19T20:17:04 IST" duration-ms="1" status="PASS">
          <reporter-output>
          </reporter-output>
        </test-method> <!-- TC02_CarLoanTest -->
        <test-method is-config="true" signature="Method1()[pri:0, instance:testng.LoanTest@73e9cf30]" started-at="2023-11-19T20:17:04 IST" name="Method1" finished-at="2023-11-19T20:17:04 IST" duration-ms="0" status="PASS">
          <reporter-output>
          </reporter-output>
        </test-method> <!-- Method1 -->
        <test-method is-config="true" signature="Method2()[pri:0, instance:testng.LoanTest@73e9cf30]" started-at="2023-11-19T20:17:04 IST" name="Method2" finished-at="2023-11-19T20:17:04 IST" duration-ms="0" status="PASS">
          <reporter-output>
          </reporter-output>
        </test-method> <!-- Method2 -->
      </class> <!-- testng.LoanTest -->
    </test> <!-- Test -->
  </suite> <!-- Suite -->
</testng-results>
